#***************************************************************************

#sjplacer

#Version:            1.1

#Build Date:         Jun 19 2012 09:55:54

#File Generated:     Apr 4 2015 14:04:06

#Purpose:            

#Copyright (C) 2010-2011 by Softjin Technologies Pvt Ltd. All rights reserved.

#***************************************************************************

Executing : C:\Program Files\Cypress\PSoC Creator\2.1\PSoC Creator\bin/sjplacer.exe --proj-name Car --netlist-vh2 Car_p.vh2 --arch-file C:\Program Files\Cypress\PSoC Creator\2.1\PSoC Creator\dev/psoc3/psoc35_placer.ark --rrg-file C:\Program Files\Cypress\PSoC Creator\2.1\PSoC Creator\dev/psoc3/route_arch-rrg.cydata --irq-file C:\Program Files\Cypress\PSoC Creator\2.1\PSoC Creator\dev/psoc3/psoc3_irqconn.cydata --drq-file C:\Program Files\Cypress\PSoC Creator\2.1\PSoC Creator\dev/psoc3/psoc3_dmaconn.cydata --dsi-conn-file C:\Program Files\Cypress\PSoC Creator\2.1\PSoC Creator\dev/psoc3/psoc3_dsiconn.cydata --pins-file PSoC3_Leopard_100-TQFP.xml --lib-file Car_p.lib --sdc-file Car.sdc --io-pcf Car.pci --outdir .

		Softjin Techologies Placer, Version 1.1

Build Date : Jun 19 2012	09:59:06

D2004: Option and Settings Summary
=============================================================
Netlist vh2 file          - Car_p.vh2
Architecture file         - C:\Program Files\Cypress\PSoC Creator\2.1\PSoC Creator\dev/psoc3/psoc35_placer.ark
Package                   - 
Defparam file             - 
SDC file                  - Car.sdc
Output directory          - .
Timing library            - Car_p.lib
IO Placement file         - Car.pci

D2050: Starting reading inputs for placer
=============================================================
D2065: Reading netlist file : "Car_p.vh2"
D2065: Reading arch file : "C:\Program Files\Cypress\PSoC Creator\2.1\PSoC Creator\dev/psoc3/psoc35_placer.ark"
D2051: Reading of inputs for placer completed successfully

D2053: Starting placement of the design
=============================================================

Phase 2
Phase 3

Design Statistics after Packing
    Number of Combinational MCs 	:	20
    Number of Sequential MCs    	:	30
    Number of DPs               	:	20
    Number of Controls          	:	7
    Number of Status            	:	5
    Number of SyncCells         	:	1
    Number of count7cells       	:	1

Device Utilization Summary after Packing
    Macrocells                  :	50/192
    UDBS                        :	20/24
    IOs                         :	24/672


D2088: Phase 3, elapsed time : 0.0 (sec)

Phase 4
D2088: Phase 4, elapsed time : 0.0 (sec)

Phase 5
D2088: Phase 5, elapsed time : 0.0 (sec)

Phase 6

######################################################################
Placement Timing Summary

The timing summary is based on estimated routing delays after
placement. For final timing report, please carry out the timing
analysis after routing.
======================================================================

######################################################################
                     Clock Summary 
======================================================================
Number of clocks: 9
Clock: CapSense_IntClock    | Frequency:  39.2 MHz | Target:  12.0 MHz
Clock: Clock_cam            | Frequency:  23.8 MHz | Target:   1.0 MHz
Clock: Clock_pwm            | Frequency:  28.0 MHz | Target:   0.1 MHz
Clock: CyBUS_CLK            | Frequency:  25.4 MHz | Target:  24.0 MHz
Clock: CyBUS_CLK(routed)    | Frequency: N/A       | Target:  24.0 MHz
Clock: CyILO                | Frequency: N/A       | Target:   0.0 MHz
Clock: CyIMO                | Frequency: N/A       | Target:   3.0 MHz
Clock: CyMASTER_CLK         | Frequency: N/A       | Target:  24.0 MHz
Clock: CyPLL_OUT            | Frequency: N/A       | Target:  24.0 MHz

======================================================================
                     End of Clock Summary
######################################################################

D2088: Phase 6, elapsed time : 0.1 (sec)

Phase 7
######################################################################
                     Clock Summary 
======================================================================
Number of clocks: 9
Clock: CapSense_IntClock    | Frequency:  39.2 MHz | Target:  12.0 MHz
Clock: Clock_cam            | Frequency:   1.2 MHz | Target:   1.0 MHz
Clock: Clock_pwm            | Frequency:   1.0 MHz | Target:   0.1 MHz
Clock: CyBUS_CLK            | Frequency:   1.0 MHz | Target:  24.0 MHz
Clock: CyBUS_CLK(routed)    | Frequency: N/A       | Target:  24.0 MHz
Clock: CyILO                | Frequency: N/A       | Target:   0.0 MHz
Clock: CyIMO                | Frequency: N/A       | Target:   3.0 MHz
Clock: CyMASTER_CLK         | Frequency: N/A       | Target:  24.0 MHz
Clock: CyPLL_OUT            | Frequency: N/A       | Target:  24.0 MHz

======================================================================
                     End of Clock Summary
######################################################################
D2088: Phase 7, elapsed time : 2.4 (sec)

Final Design Statistics
    Number of Combinational MCs 	:	20
    Number of Sequential MCs    	:	30
    Number of DPs               	:	20
    Number of Controls          	:	7
    Number of Status            	:	5
    Number of SyncCells         	:	1
    Number of count7cells       	:	1
    Number of IOs       	:	24

Device Utilization Summary
    Macrocells                  :	50/192
    IOs                         :	24/672



######################################################################
Placement Timing Summary

The timing summary is based on estimated routing delays after
placement. For final timing report, please carry out the timing
analysis after routing.
======================================================================


######################################################################
                     Clock Summary 
======================================================================
Number of clocks: 9
Clock: CapSense_IntClock    | Frequency:  36.8 MHz | Target:  12.0 MHz
Clock: Clock_cam            | Frequency:   1.2 MHz | Target:   1.0 MHz
Clock: Clock_pwm            | Frequency:   1.0 MHz | Target:   0.1 MHz
Clock: CyBUS_CLK            | Frequency:   1.0 MHz | Target:  24.0 MHz
Clock: CyBUS_CLK(routed)    | Frequency: N/A       | Target:  24.0 MHz
Clock: CyILO                | Frequency: N/A       | Target:   0.0 MHz
Clock: CyIMO                | Frequency: N/A       | Target:   3.0 MHz
Clock: CyMASTER_CLK         | Frequency: N/A       | Target:  24.0 MHz
Clock: CyPLL_OUT            | Frequency: N/A       | Target:  24.0 MHz

======================================================================
                     End of Clock Summary
######################################################################

Phase 8
D2088: Phase 8, elapsed time : 0.0 (sec)

D2054: Placement of the design completed successfully

I2076: Total run-time: 3.8 sec.

