C51 COMPILER V9.03   BUTTON_LEFT                                                           04/04/2015 14:09:16 PAGE 1   


C51 COMPILER V9.03, COMPILATION OF MODULE BUTTON_LEFT
OBJECT MODULE PLACED IN .\DP8051_Keil_903\Debug\Button_left.obj
COMPILER INVOKED BY: C:\Program Files\Cypress\PSoC Creator\2.1\PSoC Creator\import\keil\pk51\9.03\C51\BIN\c51.exe .\Gene
                    -rated_Source\PSoC3\Button_left.c NOIV LARGE MODDP2 OMF2 VB(1) PR(.\DP8051_Keil_903\Debug\Button_left.lst) CD DB NOIP OT(
                    -0) INCDIR(Generated_Source\PSoC3) OJ(.\DP8051_Keil_903\Debug\Button_left.obj)

line level    source

   1          /*******************************************************************************
   2          * File Name: Button_left.c  
   3          * Version 1.70
   4          *
   5          * Description:
   6          *  This file contains API to enable firmware control of a Pins component.
   7          *
   8          * Note:
   9          *
  10          ********************************************************************************
  11          * Copyright 2008-2010, Cypress Semiconductor Corporation.  All rights reserved.
  12          * You may use this file only in accordance with the license, terms, conditions, 
  13          * disclaimers, and limitations in the end user license agreement accompanying 
  14          * the software package with which this file was provided.
  15          ********************************************************************************/
  16          
  17          #include "cytypes.h"
  18          #include "Button_left.h"
  19          
  20          
  21          /*******************************************************************************
  22          * Function Name: Button_left_Write
  23          ********************************************************************************
  24          * Summary:
  25          *  Assign a new value to the digital port's data output register.  
  26          *
  27          * Parameters:  
  28          *  prtValue:  The value to be assigned to the Digital Port. 
  29          *
  30          * Return: 
  31          *  void 
  32          *  
  33          *******************************************************************************/
  34          void Button_left_Write(uint8 value) 
  35          {
  36   1          uint8 staticBits = Button_left_DR & ~Button_left_MASK;
  37   1          Button_left_DR = staticBits | ((value << Button_left_SHIFT) & Button_left_MASK);
  38   1      }
  39          
  40          
  41          /*******************************************************************************
  42          * Function Name: Button_left_SetDriveMode
  43          ********************************************************************************
  44          * Summary:
  45          *  Change the drive mode on the pins of the port.
  46          * 
  47          * Parameters:  
  48          *  mode:  Change the pins to this drive mode.
  49          *
  50          * Return: 
  51          *  void
  52          *
  53          *******************************************************************************/
C51 COMPILER V9.03   BUTTON_LEFT                                                           04/04/2015 14:09:16 PAGE 2   

  54          void Button_left_SetDriveMode(uint8 mode) 
  55          {
  56   1              CyPins_SetPinDriveMode(Button_left_0, mode);
  57   1      }
  58          
  59          
  60          /*******************************************************************************
  61          * Function Name: Button_left_Read
  62          ********************************************************************************
  63          * Summary:
  64          *  Read the current value on the pins of the Digital Port in right justified 
  65          *  form.
  66          *
  67          * Parameters:  
  68          *  void 
  69          *
  70          * Return: 
  71          *  Returns the current value of the Digital Port as a right justified number
  72          *  
  73          * Note:
  74          *  Macro Button_left_ReadPS calls this function. 
  75          *  
  76          *******************************************************************************/
  77          uint8 Button_left_Read(void) 
  78          {
  79   1          return (Button_left_PS & Button_left_MASK) >> Button_left_SHIFT;
  80   1      }
  81          
  82          
  83          /*******************************************************************************
  84          * Function Name: Button_left_ReadDataReg
  85          ********************************************************************************
  86          * Summary:
  87          *  Read the current value assigned to a Digital Port's data output register
  88          *
  89          * Parameters:  
  90          *  void 
  91          *
  92          * Return: 
  93          *  Returns the current value assigned to the Digital Port's data output register
  94          *  
  95          *******************************************************************************/
  96          uint8 Button_left_ReadDataReg(void) 
  97          {
  98   1          return (Button_left_DR & Button_left_MASK) >> Button_left_SHIFT;
  99   1      }
 100          
 101          
 102          /* If Interrupts Are Enabled for this Pins component */ 
 103          #if defined(Button_left_INTSTAT) 
              
                  /*******************************************************************************
                  * Function Name: Button_left_ClearInterrupt
                  ********************************************************************************
                  * Summary:
                  *  Clears any active interrupts attached to port and returns the value of the 
                  *  interrupt status register.
                  *
                  * Parameters:  
                  *  void 
                  *
                  * Return: 
C51 COMPILER V9.03   BUTTON_LEFT                                                           04/04/2015 14:09:16 PAGE 3   

                  *  Returns the value of the interrupt status register
                  *  
                  *******************************************************************************/
                  uint8 Button_left_ClearInterrupt(void) 
                  {
                      return (Button_left_INTSTAT & Button_left_MASK) >> Button_left_SHIFT;
                  }
              
              #endif /* If Interrupts Are Enabled for this Pins component */ 
 125          
 126          
 127          /* [] END OF FILE */ 
C51 COMPILER V9.03   BUTTON_LEFT                                                           04/04/2015 14:09:16 PAGE 4   

ASSEMBLY LISTING OF GENERATED OBJECT CODE


             ; FUNCTION _Button_left_Write (BEGIN)
                                           ; SOURCE LINE # 34
0000 900000      R     MOV     DPTR,#value
0003 EF                MOV     A,R7
0004 F0                MOVX    @DPTR,A
                                           ; SOURCE LINE # 35
                                           ; SOURCE LINE # 36
0005 905160            MOV     DPTR,#05160H
0008 E0                MOVX    A,@DPTR
0009 FF                MOV     R7,A
000A EF                MOV     A,R7
000B 54FD              ANL     A,#0FDH
000D FF                MOV     R7,A
000E 900000      R     MOV     DPTR,#staticBits
0011 EF                MOV     A,R7
0012 F0                MOVX    @DPTR,A
                                           ; SOURCE LINE # 37
0013 900000      R     MOV     DPTR,#value
0016 E0                MOVX    A,@DPTR
0017 FF                MOV     R7,A
0018 EF                MOV     A,R7
0019 25E0              ADD     A,ACC
001B FF                MOV     R7,A
001C EF                MOV     A,R7
001D 5402              ANL     A,#02H
001F FF                MOV     R7,A
0020 900000      R     MOV     DPTR,#staticBits
0023 E0                MOVX    A,@DPTR
0024 FE                MOV     R6,A
0025 EF                MOV     A,R7
0026 4E                ORL     A,R6
0027 FF                MOV     R7,A
0028 905160            MOV     DPTR,#05160H
002B EF                MOV     A,R7
002C F0                MOVX    @DPTR,A
                                           ; SOURCE LINE # 38
002D         ?C0001:
002D 22                RET     
             ; FUNCTION _Button_left_Write (END)

             ; FUNCTION _Button_left_SetDriveMode (BEGIN)
                                           ; SOURCE LINE # 54
0000 900000      R     MOV     DPTR,#mode
0003 EF                MOV     A,R7
0004 F0                MOVX    @DPTR,A
                                           ; SOURCE LINE # 55
                                           ; SOURCE LINE # 56
0005 900000      R     MOV     DPTR,#mode
0008 E0                MOVX    A,@DPTR
0009 FF                MOV     R7,A
000A EF                MOV     A,R7
000B 540E              ANL     A,#0EH
000D FF                MOV     R7,A
000E 905031            MOV     DPTR,#05031H
0011 E0                MOVX    A,@DPTR
0012 FE                MOV     R6,A
0013 EE                MOV     A,R6
0014 54F1              ANL     A,#0F1H
0016 FE                MOV     R6,A
C51 COMPILER V9.03   BUTTON_LEFT                                                           04/04/2015 14:09:16 PAGE 5   

0017 EE                MOV     A,R6
0018 4F                ORL     A,R7
0019 FF                MOV     R7,A
001A 905031            MOV     DPTR,#05031H
001D EF                MOV     A,R7
001E F0                MOVX    @DPTR,A
                                           ; SOURCE LINE # 57
001F         ?C0002:
001F 22                RET     
             ; FUNCTION _Button_left_SetDriveMode (END)

             ; FUNCTION Button_left_Read (BEGIN)
                                           ; SOURCE LINE # 77
                                           ; SOURCE LINE # 78
                                           ; SOURCE LINE # 79
0000 905161            MOV     DPTR,#05161H
0003 E0                MOVX    A,@DPTR
0004 FF                MOV     R7,A
0005 EF                MOV     A,R7
0006 5402              ANL     A,#02H
0008 FF                MOV     R7,A
0009 7E00              MOV     R6,#00H
000B EE                MOV     A,R6
000C C3                CLR     C
000D 13                RRC     A
000E FE                MOV     R6,A
000F EF                MOV     A,R7
0010 13                RRC     A
0011 FF                MOV     R7,A
                                           ; SOURCE LINE # 80
0012         ?C0003:
0012 22                RET     
             ; FUNCTION Button_left_Read (END)

             ; FUNCTION Button_left_ReadDataReg (BEGIN)
                                           ; SOURCE LINE # 96
                                           ; SOURCE LINE # 97
                                           ; SOURCE LINE # 98
0000 905160            MOV     DPTR,#05160H
0003 E0                MOVX    A,@DPTR
0004 FF                MOV     R7,A
0005 EF                MOV     A,R7
0006 5402              ANL     A,#02H
0008 FF                MOV     R7,A
0009 7E00              MOV     R6,#00H
000B EE                MOV     A,R6
000C C3                CLR     C
000D 13                RRC     A
000E FE                MOV     R6,A
000F EF                MOV     A,R7
0010 13                RRC     A
0011 FF                MOV     R7,A
                                           ; SOURCE LINE # 99
0012         ?C0004:
0012 22                RET     
             ; FUNCTION Button_left_ReadDataReg (END)



MODULE INFORMATION:   STATIC OVERLAYABLE
   CODE SIZE        =    116    ----
   CONSTANT SIZE    =   ----    ----
C51 COMPILER V9.03   BUTTON_LEFT                                                           04/04/2015 14:09:16 PAGE 6   

   XDATA SIZE       =      3    ----
   PDATA SIZE       =   ----    ----
   DATA SIZE        =   ----    ----
   IDATA SIZE       =   ----    ----
   BIT SIZE         =   ----    ----
   EDATA SIZE       =   ----    ----
   HDATA SIZE       =   ----    ----
   XDATA CONST SIZE =   ----    ----
   FAR CONST SIZE   =   ----    ----
END OF MODULE INFORMATION.


C51 COMPILATION COMPLETE.  0 WARNING(S),  0 ERROR(S)
