C51 COMPILER V9.03   CAPSENSE_AMUXCH0                                                      04/04/2015 14:09:11 PAGE 1   


C51 COMPILER V9.03, COMPILATION OF MODULE CAPSENSE_AMUXCH0
OBJECT MODULE PLACED IN .\DP8051_Keil_903\Debug\CapSense_AMuxCH0.obj
COMPILER INVOKED BY: C:\Program Files\Cypress\PSoC Creator\2.1\PSoC Creator\import\keil\pk51\9.03\C51\BIN\c51.exe .\Gene
                    -rated_Source\PSoC3\CapSense_AMuxCH0.c NOIV LARGE MODDP2 OMF2 VB(1) PR(.\DP8051_Keil_903\Debug\CapSense_AMuxCH0.lst) CD D
                    -B NOIP OT(0) INCDIR(Generated_Source\PSoC3) OJ(.\DP8051_Keil_903\Debug\CapSense_AMuxCH0.obj)

line level    source

   1          /*******************************************************************************
   2          * File Name: CapSense_AMuxCH0.c
   3          * Version 3.20
   4          *
   5          *  Description:
   6          *    This file contains all functions required for the analog multiplexer
   7          *    CapSense_CSD_AMux User Module.
   8          *
   9          *   Note:
  10          *
  11          *******************************************************************************
  12          * Copyright 2008-2012, Cypress Semiconductor Corporation.  All rights reserved.
  13          * You may use this file only in accordance with the license, terms, conditions, 
  14          * disclaimers, and limitations in the end user license agreement accompanying 
  15          * the software package with which this file was provided.
  16          ********************************************************************************/
  17          
  18          #include "CapSense_AMuxCH0.h"
  19          
  20          uint8 CapSense_AMuxCH0_initVar = 0u;
  21          uint8 CapSense_AMuxCH0_lastChannel = CapSense_AMuxCH0_NULL_CHANNEL;
  22          
  23          
  24          /*******************************************************************************
  25          * Function Name: CapSense_AMuxCH0_Start
  26          ********************************************************************************
  27          * Summary:
  28          *  Disconnect all channels.
  29          *
  30          * Parameters:
  31          *  void
  32          *
  33          * Return:
  34          *  void
  35          *
  36          *******************************************************************************/
  37          void CapSense_AMuxCH0_Start(void)
  38          {
  39   1          CapSense_AMuxCH0_DisconnectAll();
  40   1          CapSense_AMuxCH0_initVar = 1u;
  41   1      }
  42          
  43          
  44          /*******************************************************************************
  45          * Function Name: CapSense_AMuxCH0_Init
  46          ********************************************************************************
  47          * Summary:
  48          *  Disconnect all channels.
  49          *
  50          * Parameters:
  51          *  void
  52          *
  53          * Return:
C51 COMPILER V9.03   CAPSENSE_AMUXCH0                                                      04/04/2015 14:09:11 PAGE 2   

  54          *  void
  55          *
  56          *******************************************************************************/
  57          void CapSense_AMuxCH0_Init(void)
  58          {
  59   1          CapSense_AMuxCH0_DisconnectAll();
  60   1      }
  61          
  62          
  63          /*******************************************************************************
  64          * Function Name: CapSense_AMuxCH0_Stop
  65          ********************************************************************************
  66          * Summary:
  67          *  Disconnect all channels.
  68          *
  69          * Parameters:
  70          *  void
  71          *
  72          * Return:
  73          *  void
  74          *
  75          *******************************************************************************/
  76          void CapSense_AMuxCH0_Stop(void)
  77          {
  78   1          CapSense_AMuxCH0_DisconnectAll();
  79   1      }
  80          
  81          
  82          /*******************************************************************************
  83          * Function Name: CapSense_AMuxCH0_Select
  84          ********************************************************************************
  85          * Summary:
  86          *  This functions first disconnects all channels then connects the given
  87          *  channel.
  88          *
  89          * Parameters:
  90          *  channel:  The channel to connect to the common terminal.
  91          *
  92          * Return:
  93          *  void
  94          *
  95          *******************************************************************************/
  96          void CapSense_AMuxCH0_Select(uint8 channel) 
  97          {
  98   1          CapSense_AMuxCH0_DisconnectAll();        /* Disconnect all previous connections */
  99   1          CapSense_AMuxCH0_Connect(channel);       /* Make the given selection */
 100   1          CapSense_AMuxCH0_lastChannel = channel;  /* Update last channel */
 101   1      }
 102          
 103          
 104          /*******************************************************************************
 105          * Function Name: CapSense_AMuxCH0_FastSelect
 106          ********************************************************************************
 107          * Summary:
 108          *  This function first disconnects the last connection made with FastSelect or
 109          *  Select, then connects the given channel. The FastSelect function is similar
 110          *  to the Select function, except it is faster since it only disconnects the
 111          *  last channel selected rather than all channels.
 112          *
 113          * Parameters:
 114          *  channel:  The channel to connect to the common terminal.
 115          *
C51 COMPILER V9.03   CAPSENSE_AMUXCH0                                                      04/04/2015 14:09:11 PAGE 3   

 116          * Return:
 117          *  void
 118          *
 119          *******************************************************************************/
 120          void CapSense_AMuxCH0_FastSelect(uint8 channel) 
 121          {
 122   1          /* Disconnect the last valid channel */
 123   1          if( CapSense_AMuxCH0_lastChannel != CapSense_AMuxCH0_NULL_CHANNEL)   /* Update last channel */
 124   1          {
 125   2              CapSense_AMuxCH0_Disconnect(CapSense_AMuxCH0_lastChannel);
 126   2          }
 127   1      
 128   1          /* Make the new channel connection */
 129   1          CapSense_AMuxCH0_Connect(channel);
 130   1          CapSense_AMuxCH0_lastChannel = channel;   /* Update last channel */
 131   1      }
 132          
 133          
 134          #if(CapSense_AMuxCH0_MUXTYPE == CapSense_AMuxCH0_MUX_DIFF)
                  /*******************************************************************************
                  * Function Name: CapSense_AMuxCH0_Connect
                  ********************************************************************************
                  * Summary:
                  *  This function connects the given channel without affecting other connections.
                  *
                  * Parameters:
                  *  channel:  The channel to connect to the common terminal.
                  *
                  * Return:
                  *  void
                  *
                  *******************************************************************************/
                  void CapSense_AMuxCH0_Connect(uint8 channel) 
                  {
                      CapSense_AMuxCH0_CYAMUXSIDE_A_Set(channel);
                      CapSense_AMuxCH0_CYAMUXSIDE_B_Set(channel);
                  }
                  
                  
                  /*******************************************************************************
                  * Function Name: CapSense_AMuxCH0_Disconnect
                  ********************************************************************************
                  * Summary:
                  *  This function disconnects the given channel from the common or output
                  *  terminal without affecting other connections.
                  *
                  * Parameters:
                  *  channel:  The channel to disconnect from the common terminal.
                  *
                  * Return:
                  *  void
                  *
                  *******************************************************************************/
                  void CapSense_AMuxCH0_Disconnect(uint8 channel) 
                  {
                      CapSense_AMuxCH0_CYAMUXSIDE_A_Unset(channel);
                      CapSense_AMuxCH0_CYAMUXSIDE_B_Unset(channel);
                  }
                  
              #endif  /* End (CapSense_AMuxCH0_MUXTYPE == CapSense_AMuxCH0_MUX_DIFF) */
 176          
 177          
C51 COMPILER V9.03   CAPSENSE_AMUXCH0                                                      04/04/2015 14:09:11 PAGE 4   

 178          /*******************************************************************************
 179          * Function Name: CapSense_AMuxCH0_DisconnectAll
 180          ********************************************************************************
 181          * Summary:
 182          *  This function disconnects all channels.
 183          *
 184          * Parameters:
 185          *  void
 186          *
 187          * Return:
 188          *  void
 189          *
 190          *******************************************************************************/
 191          void CapSense_AMuxCH0_DisconnectAll(void) 
 192          {
 193   1          uint8 chan;
 194   1      
 195   1          #if(CapSense_AMuxCH0_MUXTYPE == CapSense_AMuxCH0_MUX_SINGLE)
 196   1              for(chan = 0; chan < CapSense_AMuxCH0_CHANNELS ; chan++)
 197   1              {
 198   2                  CapSense_AMuxCH0_Unset(chan);
 199   2              }
 200   1          #else
                      for(chan = 0; chan < CapSense_AMuxCH0_CHANNELS ; chan++)
                      {
                          CapSense_AMuxCH0_CYAMUXSIDE_A_Unset(chan);
                          CapSense_AMuxCH0_CYAMUXSIDE_B_Unset(chan);
                      }
                  #endif  /* End (CapSense_AMuxCH0_MUXTYPE == CapSense_AMuxCH0_MUX_SINGLE) */
 207   1      }
 208          
 209          
 210          /* [] END OF FILE */
C51 COMPILER V9.03   CAPSENSE_AMUXCH0                                                      04/04/2015 14:09:11 PAGE 5   

ASSEMBLY LISTING OF GENERATED OBJECT CODE


             ; FUNCTION CapSense_AMuxCH0_Start (BEGIN)
                                           ; SOURCE LINE # 37
                                           ; SOURCE LINE # 38
                                           ; SOURCE LINE # 39
0000 120000      R     LCALL   CapSense_AMuxCH0_DisconnectAll
                                           ; SOURCE LINE # 40
0003 900000      R     MOV     DPTR,#CapSense_AMuxCH0_initVar
0006 7401              MOV     A,#01H
0008 F0                MOVX    @DPTR,A
                                           ; SOURCE LINE # 41
0009         ?C0001:
0009 22                RET     
             ; FUNCTION CapSense_AMuxCH0_Start (END)

             ; FUNCTION CapSense_AMuxCH0_Init (BEGIN)
                                           ; SOURCE LINE # 57
                                           ; SOURCE LINE # 58
                                           ; SOURCE LINE # 59
0000 120000      R     LCALL   CapSense_AMuxCH0_DisconnectAll
                                           ; SOURCE LINE # 60
0003         ?C0002:
0003 22                RET     
             ; FUNCTION CapSense_AMuxCH0_Init (END)

             ; FUNCTION CapSense_AMuxCH0_Stop (BEGIN)
                                           ; SOURCE LINE # 76
                                           ; SOURCE LINE # 77
                                           ; SOURCE LINE # 78
0000 120000      R     LCALL   CapSense_AMuxCH0_DisconnectAll
                                           ; SOURCE LINE # 79
0003         ?C0003:
0003 22                RET     
             ; FUNCTION CapSense_AMuxCH0_Stop (END)

             ; FUNCTION _CapSense_AMuxCH0_Select (BEGIN)
                                           ; SOURCE LINE # 96
0000 900000      R     MOV     DPTR,#channel
0003 EF                MOV     A,R7
0004 F0                MOVX    @DPTR,A
                                           ; SOURCE LINE # 97
                                           ; SOURCE LINE # 98
0005 120000      R     LCALL   CapSense_AMuxCH0_DisconnectAll
                                           ; SOURCE LINE # 99
0008 900000      R     MOV     DPTR,#channel
000B E0                MOVX    A,@DPTR
000C FF                MOV     R7,A
000D 120000      E     LCALL   _?CapSense_AMuxCH0_Set
                                           ; SOURCE LINE # 100
0010 900000      R     MOV     DPTR,#channel
0013 E0                MOVX    A,@DPTR
0014 FF                MOV     R7,A
0015 900000      R     MOV     DPTR,#CapSense_AMuxCH0_lastChannel
0018 EF                MOV     A,R7
0019 F0                MOVX    @DPTR,A
                                           ; SOURCE LINE # 101
001A         ?C0004:
001A 22                RET     
             ; FUNCTION _CapSense_AMuxCH0_Select (END)

C51 COMPILER V9.03   CAPSENSE_AMUXCH0                                                      04/04/2015 14:09:11 PAGE 6   

             ; FUNCTION _CapSense_AMuxCH0_FastSelect (BEGIN)
                                           ; SOURCE LINE # 120
0000 900000      R     MOV     DPTR,#channel
0003 EF                MOV     A,R7
0004 F0                MOVX    @DPTR,A
                                           ; SOURCE LINE # 121
                                           ; SOURCE LINE # 123
0005 900000      R     MOV     DPTR,#CapSense_AMuxCH0_lastChannel
0008 E0                MOVX    A,@DPTR
0009 FF                MOV     R7,A
000A EF                MOV     A,R7
000B 64FF              XRL     A,#0FFH
000D 6008              JZ      ?C0005
                                           ; SOURCE LINE # 124
                                           ; SOURCE LINE # 125
000F 900000      R     MOV     DPTR,#CapSense_AMuxCH0_lastChannel
0012 E0                MOVX    A,@DPTR
0013 FF                MOV     R7,A
0014 120000      E     LCALL   _?CapSense_AMuxCH0_Unset
                                           ; SOURCE LINE # 126
0017         ?C0005:
                                           ; SOURCE LINE # 129
0017 900000      R     MOV     DPTR,#channel
001A E0                MOVX    A,@DPTR
001B FF                MOV     R7,A
001C 120000      E     LCALL   _?CapSense_AMuxCH0_Set
                                           ; SOURCE LINE # 130
001F 900000      R     MOV     DPTR,#channel
0022 E0                MOVX    A,@DPTR
0023 FF                MOV     R7,A
0024 900000      R     MOV     DPTR,#CapSense_AMuxCH0_lastChannel
0027 EF                MOV     A,R7
0028 F0                MOVX    @DPTR,A
                                           ; SOURCE LINE # 131
0029         ?C0006:
0029 22                RET     
             ; FUNCTION _CapSense_AMuxCH0_FastSelect (END)

             ; FUNCTION CapSense_AMuxCH0_DisconnectAll (BEGIN)
                                           ; SOURCE LINE # 191
                                           ; SOURCE LINE # 192
                                           ; SOURCE LINE # 196
0000 900000      R     MOV     DPTR,#chan
0003 E4                CLR     A
0004 F0                MOVX    @DPTR,A
0005         ?C0007:
0005 900000      R     MOV     DPTR,#chan
0008 E0                MOVX    A,@DPTR
0009 FF                MOV     R7,A
000A EF                MOV     A,R7
000B C3                CLR     C
000C 940A              SUBB    A,#0AH
000E 5010              JNC     ?C0010
                                           ; SOURCE LINE # 197
                                           ; SOURCE LINE # 198
0010 900000      R     MOV     DPTR,#chan
0013 E0                MOVX    A,@DPTR
0014 FF                MOV     R7,A
0015 120000      E     LCALL   _?CapSense_AMuxCH0_Unset
                                           ; SOURCE LINE # 199
0018         ?C0009:
0018 900000      R     MOV     DPTR,#chan
C51 COMPILER V9.03   CAPSENSE_AMUXCH0                                                      04/04/2015 14:09:11 PAGE 7   

001B E0                MOVX    A,@DPTR
001C 04                INC     A
001D F0                MOVX    @DPTR,A
001E 80E5              SJMP    ?C0007
0020         ?C0008:
                                           ; SOURCE LINE # 207
0020         ?C0010:
0020 22                RET     
             ; FUNCTION CapSense_AMuxCH0_DisconnectAll (END)



MODULE INFORMATION:   STATIC OVERLAYABLE
   CODE SIZE        =    120    ----
   CONSTANT SIZE    =   ----    ----
   XDATA SIZE       =      5    ----
   PDATA SIZE       =   ----    ----
   DATA SIZE        =   ----    ----
   IDATA SIZE       =   ----    ----
   BIT SIZE         =   ----    ----
   EDATA SIZE       =   ----    ----
   HDATA SIZE       =   ----    ----
   XDATA CONST SIZE =   ----    ----
   FAR CONST SIZE   =   ----    ----
END OF MODULE INFORMATION.


C51 COMPILATION COMPLETE.  0 WARNING(S),  0 ERROR(S)
