C51 COMPILER V9.03   CAPSENSE_IDACCH0_PM                                                   04/04/2015 14:09:11 PAGE 1   


C51 COMPILER V9.03, COMPILATION OF MODULE CAPSENSE_IDACCH0_PM
OBJECT MODULE PLACED IN .\DP8051_Keil_903\Debug\CapSense_IdacCH0_PM.obj
COMPILER INVOKED BY: C:\Program Files\Cypress\PSoC Creator\2.1\PSoC Creator\import\keil\pk51\9.03\C51\BIN\c51.exe .\Gene
                    -rated_Source\PSoC3\CapSense_IdacCH0_PM.c NOIV LARGE MODDP2 OMF2 VB(1) PR(.\DP8051_Keil_903\Debug\CapSense_IdacCH0_PM.lst
                    -) CD DB NOIP OT(0) INCDIR(Generated_Source\PSoC3) OJ(.\DP8051_Keil_903\Debug\CapSense_IdacCH0_PM.obj)

line level    source

   1          /*******************************************************************************
   2          * File Name: CapSense_IdacCH0.c
   3          * Version 1.90
   4          *
   5          * Description:
   6          *  This file provides the power management source code to API for the
   7          *  IDAC8.
   8          *
   9          * Note:
  10          *  None
  11          *
  12          ********************************************************************************
  13          * Copyright 2008-2012, Cypress Semiconductor Corporation.  All rights reserved.
  14          * You may use this file only in accordance with the license, terms, conditions, 
  15          * disclaimers, and limitations in the end user license agreement accompanying 
  16          * the software package with which this file was provided.
  17          *******************************************************************************/
  18          
  19          
  20          #include "CapSense_IdacCH0.h"
  21          
  22          static CapSense_IdacCH0_backupStruct CapSense_IdacCH0_backup;
  23          
  24          
  25          /*******************************************************************************
  26          * Function Name: CapSense_IdacCH0_SaveConfig
  27          ********************************************************************************
  28          * Summary:
  29          *  Save the current user configuration
  30          *
  31          * Parameters:
  32          *  void
  33          *
  34          * Return:
  35          *  void
  36          *
  37          *******************************************************************************/
  38          void CapSense_IdacCH0_SaveConfig(void) 
  39          {
  40   1          if (!((CapSense_IdacCH0_CR1 & CapSense_IdacCH0_SRC_MASK) == CapSense_IdacCH0_SRC_UDB))
  41   1          {
  42   2              CapSense_IdacCH0_backup.data_value = CapSense_IdacCH0_Data;
  43   2          }
  44   1      }
  45          
  46          
  47          /*******************************************************************************
  48          * Function Name: CapSense_IdacCH0_RestoreConfig
  49          ********************************************************************************
  50          *
  51          * Summary:
  52          *  Restores the current user configuration.
  53          *
C51 COMPILER V9.03   CAPSENSE_IDACCH0_PM                                                   04/04/2015 14:09:11 PAGE 2   

  54          * Parameters:
  55          *  void
  56          *
  57          * Return:
  58          *  void
  59          *
  60          *******************************************************************************/
  61          void CapSense_IdacCH0_RestoreConfig(void) 
  62          {
  63   1          if (!((CapSense_IdacCH0_CR1 & CapSense_IdacCH0_SRC_MASK) == CapSense_IdacCH0_SRC_UDB))
  64   1          {
  65   2              if((CapSense_IdacCH0_Strobe & CapSense_IdacCH0_STRB_MASK) == CapSense_IdacCH0_STRB_EN)
  66   2              {
  67   3                  CapSense_IdacCH0_Strobe &= ~CapSense_IdacCH0_STRB_MASK;
  68   3                  CapSense_IdacCH0_Data = CapSense_IdacCH0_backup.data_value;
  69   3                  CapSense_IdacCH0_Strobe |= CapSense_IdacCH0_STRB_EN;
  70   3              }
  71   2              else
  72   2              {
  73   3                  CapSense_IdacCH0_Data = CapSense_IdacCH0_backup.data_value;
  74   3              }
  75   2          }
  76   1      }
  77          
  78          
  79          /*******************************************************************************
  80          * Function Name: CapSense_IdacCH0_Sleep
  81          ********************************************************************************
  82          * Summary:
  83          *  Stop and Save the user configuration
  84          *
  85          * Parameters:
  86          *  void:
  87          *
  88          * Return:
  89          *  void
  90          *
  91          * Global variables:
  92          *  CapSense_IdacCH0_backup.enableState: Is modified depending on the enable 
  93          *  state of the block before entering sleep mode.
  94          *
  95          *******************************************************************************/
  96          void CapSense_IdacCH0_Sleep(void) 
  97          {
  98   1          if(CapSense_IdacCH0_ACT_PWR_EN == (CapSense_IdacCH0_PWRMGR & CapSense_IdacCH0_ACT_PWR_EN))
  99   1          {
 100   2              /* IDAC8 is enabled */
 101   2              CapSense_IdacCH0_backup.enableState = 1u;
 102   2          }
 103   1          else
 104   1          {
 105   2              /* IDAC8 is disabled */
 106   2              CapSense_IdacCH0_backup.enableState = 0u;
 107   2          }
 108   1      
 109   1          CapSense_IdacCH0_Stop();
 110   1          CapSense_IdacCH0_SaveConfig();
 111   1      }
 112          
 113          
 114          /*******************************************************************************
 115          * Function Name: CapSense_IdacCH0_Wakeup
C51 COMPILER V9.03   CAPSENSE_IDACCH0_PM                                                   04/04/2015 14:09:11 PAGE 3   

 116          ********************************************************************************
 117          *
 118          * Summary:
 119          *  Restores and enables the user configuration
 120          *  
 121          * Parameters:
 122          *  void
 123          *
 124          * Return:
 125          *  void
 126          *
 127          * Global variables:
 128          *  CapSense_IdacCH0_backup.enableState: Is used to restore the enable state of 
 129          *  block on wakeup from sleep mode.
 130          *
 131          *******************************************************************************/
 132          void CapSense_IdacCH0_Wakeup(void) 
 133          {
 134   1          CapSense_IdacCH0_RestoreConfig();
 135   1          
 136   1          if(CapSense_IdacCH0_backup.enableState == 1u)
 137   1          {
 138   2              /* Enable IDAC8's operation */
 139   2              CapSense_IdacCH0_Enable();
 140   2              
 141   2              /* Set the data register */
 142   2              CapSense_IdacCH0_SetValue(CapSense_IdacCH0_Data);
 143   2          } /* Do nothing if IDAC8 was disabled before */    
 144   1      }
 145          
 146          
 147          /* [] END OF FILE */
C51 COMPILER V9.03   CAPSENSE_IDACCH0_PM                                                   04/04/2015 14:09:11 PAGE 4   

ASSEMBLY LISTING OF GENERATED OBJECT CODE


             ; FUNCTION CapSense_IdacCH0_SaveConfig (BEGIN)
                                           ; SOURCE LINE # 38
                                           ; SOURCE LINE # 39
                                           ; SOURCE LINE # 40
0000 905829            MOV     DPTR,#05829H
0003 E0                MOVX    A,@DPTR
0004 FF                MOV     R7,A
0005 EF                MOV     A,R7
0006 5420              ANL     A,#020H
0008 FF                MOV     R7,A
0009 7E00              MOV     R6,#00H
000B EF                MOV     A,R7
000C 6420              XRL     A,#020H
000E 4E                ORL     A,R6
000F 7003              JNZ     ?C0002
0011 D3                SETB    C
0012 8001              SJMP    ?C0003
0014         ?C0002:
0014 C3                CLR     C
0015         ?C0003:
0015 400A              JC      ?C0004
                                           ; SOURCE LINE # 41
                                           ; SOURCE LINE # 42
0017 905B82            MOV     DPTR,#05B82H
001A E0                MOVX    A,@DPTR
001B FF                MOV     R7,A
001C 900000      R     MOV     DPTR,#CapSense_IdacCH0_backup+01H
001F EF                MOV     A,R7
0020 F0                MOVX    @DPTR,A
                                           ; SOURCE LINE # 43
0021         ?C0001:
                                           ; SOURCE LINE # 44
0021         ?C0004:
0021 22                RET     
             ; FUNCTION CapSense_IdacCH0_SaveConfig (END)

             ; FUNCTION CapSense_IdacCH0_RestoreConfig (BEGIN)
                                           ; SOURCE LINE # 61
                                           ; SOURCE LINE # 62
                                           ; SOURCE LINE # 63
0000 905829            MOV     DPTR,#05829H
0003 E0                MOVX    A,@DPTR
0004 FF                MOV     R7,A
0005 EF                MOV     A,R7
0006 5420              ANL     A,#020H
0008 FF                MOV     R7,A
0009 7E00              MOV     R6,#00H
000B EF                MOV     A,R7
000C 6420              XRL     A,#020H
000E 4E                ORL     A,R6
000F 7003              JNZ     ?C0006
0011 D3                SETB    C
0012 8001              SJMP    ?C0007
0014         ?C0006:
0014 C3                CLR     C
0015         ?C0007:
0015 403C              JC      ?C0010
                                           ; SOURCE LINE # 64
                                           ; SOURCE LINE # 65
C51 COMPILER V9.03   CAPSENSE_IDACCH0_PM                                                   04/04/2015 14:09:11 PAGE 5   

0017 905A97            MOV     DPTR,#05A97H
001A E0                MOVX    A,@DPTR
001B FF                MOV     R7,A
001C EF                MOV     A,R7
001D 5408              ANL     A,#08H
001F FF                MOV     R7,A
0020 7E00              MOV     R6,#00H
0022 EF                MOV     A,R7
0023 6408              XRL     A,#08H
0025 4E                ORL     A,R6
0026 7021              JNZ     ?C0008
                                           ; SOURCE LINE # 66
                                           ; SOURCE LINE # 67
0028 905A97            MOV     DPTR,#05A97H
002B E0                MOVX    A,@DPTR
002C FF                MOV     R7,A
002D EF                MOV     A,R7
002E 54F7              ANL     A,#0F7H
0030 FF                MOV     R7,A
0031 EF                MOV     A,R7
0032 F0                MOVX    @DPTR,A
                                           ; SOURCE LINE # 68
0033 900000      R     MOV     DPTR,#CapSense_IdacCH0_backup+01H
0036 E0                MOVX    A,@DPTR
0037 FF                MOV     R7,A
0038 905B82            MOV     DPTR,#05B82H
003B EF                MOV     A,R7
003C F0                MOVX    @DPTR,A
                                           ; SOURCE LINE # 69
003D 905A97            MOV     DPTR,#05A97H
0040 E0                MOVX    A,@DPTR
0041 FF                MOV     R7,A
0042 EF                MOV     A,R7
0043 4408              ORL     A,#08H
0045 FF                MOV     R7,A
0046 EF                MOV     A,R7
0047 F0                MOVX    @DPTR,A
                                           ; SOURCE LINE # 70
0048 22                RET     
0049         ?C0008:
                                           ; SOURCE LINE # 72
                                           ; SOURCE LINE # 73
0049 900000      R     MOV     DPTR,#CapSense_IdacCH0_backup+01H
004C E0                MOVX    A,@DPTR
004D FF                MOV     R7,A
004E 905B82            MOV     DPTR,#05B82H
0051 EF                MOV     A,R7
0052 F0                MOVX    @DPTR,A
                                           ; SOURCE LINE # 74
0053         ?C0009:
                                           ; SOURCE LINE # 75
0053         ?C0005:
                                           ; SOURCE LINE # 76
0053         ?C0010:
0053 22                RET     
             ; FUNCTION CapSense_IdacCH0_RestoreConfig (END)

             ; FUNCTION CapSense_IdacCH0_Sleep (BEGIN)
                                           ; SOURCE LINE # 96
                                           ; SOURCE LINE # 97
                                           ; SOURCE LINE # 98
0000 9043A8            MOV     DPTR,#043A8H
C51 COMPILER V9.03   CAPSENSE_IDACCH0_PM                                                   04/04/2015 14:09:11 PAGE 6   

0003 E0                MOVX    A,@DPTR
0004 FF                MOV     R7,A
0005 EF                MOV     A,R7
0006 5404              ANL     A,#04H
0008 FF                MOV     R7,A
0009 7E00              MOV     R6,#00H
000B EF                MOV     A,R7
000C 6404              XRL     A,#04H
000E 4E                ORL     A,R6
000F 7008              JNZ     ?C0011
                                           ; SOURCE LINE # 99
                                           ; SOURCE LINE # 101
0011 900000      R     MOV     DPTR,#CapSense_IdacCH0_backup
0014 7401              MOV     A,#01H
0016 F0                MOVX    @DPTR,A
                                           ; SOURCE LINE # 102
0017 8005              SJMP    ?C0012
0019         ?C0011:
                                           ; SOURCE LINE # 104
                                           ; SOURCE LINE # 106
0019 900000      R     MOV     DPTR,#CapSense_IdacCH0_backup
001C E4                CLR     A
001D F0                MOVX    @DPTR,A
                                           ; SOURCE LINE # 107
001E         ?C0012:
                                           ; SOURCE LINE # 109
001E 120000      E     LCALL   CapSense_IdacCH0_Stop
                                           ; SOURCE LINE # 110
0021 120000      R     LCALL   CapSense_IdacCH0_SaveConfig
                                           ; SOURCE LINE # 111
0024         ?C0013:
0024 22                RET     
             ; FUNCTION CapSense_IdacCH0_Sleep (END)

             ; FUNCTION CapSense_IdacCH0_Wakeup (BEGIN)
                                           ; SOURCE LINE # 132
                                           ; SOURCE LINE # 133
                                           ; SOURCE LINE # 134
0000 120000      R     LCALL   CapSense_IdacCH0_RestoreConfig
                                           ; SOURCE LINE # 136
0003 900000      R     MOV     DPTR,#CapSense_IdacCH0_backup
0006 E0                MOVX    A,@DPTR
0007 FF                MOV     R7,A
0008 EF                MOV     A,R7
0009 B4010B            CJNE    A,#01H,?C0015
                                           ; SOURCE LINE # 137
                                           ; SOURCE LINE # 139
000C 120000      E     LCALL   CapSense_IdacCH0_Enable
                                           ; SOURCE LINE # 142
000F 905B82            MOV     DPTR,#05B82H
0012 E0                MOVX    A,@DPTR
0013 FF                MOV     R7,A
0014 120000      E     LCALL   _?CapSense_IdacCH0_SetValue
                                           ; SOURCE LINE # 143
0017         ?C0014:
                                           ; SOURCE LINE # 144
0017         ?C0015:
0017 22                RET     
             ; FUNCTION CapSense_IdacCH0_Wakeup (END)



C51 COMPILER V9.03   CAPSENSE_IDACCH0_PM                                                   04/04/2015 14:09:11 PAGE 7   

MODULE INFORMATION:   STATIC OVERLAYABLE
   CODE SIZE        =    179    ----
   CONSTANT SIZE    =   ----    ----
   XDATA SIZE       =      2    ----
   PDATA SIZE       =   ----    ----
   DATA SIZE        =   ----    ----
   IDATA SIZE       =   ----    ----
   BIT SIZE         =   ----    ----
   EDATA SIZE       =   ----    ----
   HDATA SIZE       =   ----    ----
   XDATA CONST SIZE =   ----    ----
   FAR CONST SIZE   =   ----    ----
END OF MODULE INFORMATION.


C51 COMPILATION COMPLETE.  0 WARNING(S),  0 ERROR(S)
