--------------- Build Started: 02/28/2015 01:34:18 Project: CapSense, Configuration: DP8051 Keil 9.03 Debug ---------------
The code generation step is up to date.
c51.exe .\main.c NOIV LARGE MODDP2 OMF2 VB(1) PR(.\DP8051_Keil_903\Debug\main.lst) CD DB NOIP OT(0) INCDIR(Generated_Source\PSoC3) OJ(.\DP8051_Keil_903\Debug\main.obj)
WARNING: .\main.c:148: unterminated conditionals
c51.exe .\userInterface.c NOIV LARGE MODDP2 OMF2 VB(1) PR(.\DP8051_Keil_903\Debug\userInterface.lst) CD DB NOIP OT(0) INCDIR(Generated_Source\PSoC3) OJ(.\DP8051_Keil_903\Debug\userInterface.obj)
c51.exe .\Generated_Source\PSoC3\CapSense.c NOIV LARGE MODDP2 OMF2 VB(1) PR(.\DP8051_Keil_903\Debug\CapSense.lst) CD DB NOIP OT(0) INCDIR(Generated_Source\PSoC3) OJ(.\DP8051_Keil_903\Debug\CapSense.obj)
c51.exe .\Generated_Source\PSoC3\CapSense_CSHL.c NOIV LARGE MODDP2 OMF2 VB(1) PR(.\DP8051_Keil_903\Debug\CapSense_CSHL.lst) CD DB NOIP OT(0) INCDIR(Generated_Source\PSoC3) OJ(.\DP8051_Keil_903\Debug\CapSense_CSHL.obj)
c51.exe .\Generated_Source\PSoC3\CapSense_INT.c NOIV LARGE MODDP2 OMF2 VB(1) PR(.\DP8051_Keil_903\Debug\CapSense_INT.lst) CD DB NOIP OT(0) INCDIR(Generated_Source\PSoC3) OJ(.\DP8051_Keil_903\Debug\CapSense_INT.obj)
c51.exe .\Generated_Source\PSoC3\CapSense_Pins.c NOIV LARGE MODDP2 OMF2 VB(1) PR(.\DP8051_Keil_903\Debug\CapSense_Pins.lst) CD DB NOIP OT(0) INCDIR(Generated_Source\PSoC3) OJ(.\DP8051_Keil_903\Debug\CapSense_Pins.obj)
c51.exe .\Generated_Source\PSoC3\CapSense_PM.c NOIV LARGE MODDP2 OMF2 VB(1) PR(.\DP8051_Keil_903\Debug\CapSense_PM.lst) CD DB NOIP OT(0) INCDIR(Generated_Source\PSoC3) OJ(.\DP8051_Keil_903\Debug\CapSense_PM.obj)
c51.exe .\Generated_Source\PSoC3\CapSense_SMS_Wrapper.c NOIV LARGE MODDP2 OMF2 VB(1) PR(.\DP8051_Keil_903\Debug\CapSense_SMS_Wrapper.lst) CD DB NOIP OT(0) INCDIR(Generated_Source\PSoC3) OJ(.\DP8051_Keil_903\Debug\CapSense_SMS_Wrapper.obj)
c51.exe .\Generated_Source\PSoC3\CapSense_TunerHelper.c NOIV LARGE MODDP2 OMF2 VB(1) PR(.\DP8051_Keil_903\Debug\CapSense_TunerHelper.lst) CD DB NOIP OT(0) INCDIR(Generated_Source\PSoC3) OJ(.\DP8051_Keil_903\Debug\CapSense_TunerHelper.obj)
c51.exe .\Generated_Source\PSoC3\LCD.c NOIV LARGE MODDP2 OMF2 VB(1) PR(.\DP8051_Keil_903\Debug\LCD.lst) CD DB NOIP OT(0) INCDIR(Generated_Source\PSoC3) OJ(.\DP8051_Keil_903\Debug\LCD.obj)
c51.exe .\Generated_Source\PSoC3\LCD_PM.c NOIV LARGE MODDP2 OMF2 VB(1) PR(.\DP8051_Keil_903\Debug\LCD_PM.lst) CD DB NOIP OT(0) INCDIR(Generated_Source\PSoC3) OJ(.\DP8051_Keil_903\Debug\LCD_PM.obj)
c51.exe .\Generated_Source\PSoC3\CapSense_IntClock.c NOIV LARGE MODDP2 OMF2 VB(1) PR(.\DP8051_Keil_903\Debug\CapSense_IntClock.lst) CD DB NOIP OT(0) INCDIR(Generated_Source\PSoC3) OJ(.\DP8051_Keil_903\Debug\CapSense_IntClock.obj)
c51.exe .\Generated_Source\PSoC3\CapSense_CompCH0.c NOIV LARGE MODDP2 OMF2 VB(1) PR(.\DP8051_Keil_903\Debug\CapSense_CompCH0.lst) CD DB NOIP OT(0) INCDIR(Generated_Source\PSoC3) OJ(.\DP8051_Keil_903\Debug\CapSense_CompCH0.obj)
c51.exe .\Generated_Source\PSoC3\CapSense_CompCH0_PM.c NOIV LARGE MODDP2 OMF2 VB(1) PR(.\DP8051_Keil_903\Debug\CapSense_CompCH0_PM.lst) CD DB NOIP OT(0) INCDIR(Generated_Source\PSoC3) OJ(.\DP8051_Keil_903\Debug\CapSense_CompCH0_PM.obj)
c51.exe .\Generated_Source\PSoC3\CapSense_AMuxCH0.c NOIV LARGE MODDP2 OMF2 VB(1) PR(.\DP8051_Keil_903\Debug\CapSense_AMuxCH0.lst) CD DB NOIP OT(0) INCDIR(Generated_Source\PSoC3) OJ(.\DP8051_Keil_903\Debug\CapSense_AMuxCH0.obj)
c51.exe .\Generated_Source\PSoC3\CapSense_IdacCH0.c NOIV LARGE MODDP2 OMF2 VB(1) PR(.\DP8051_Keil_903\Debug\CapSense_IdacCH0.lst) CD DB NOIP OT(0) INCDIR(Generated_Source\PSoC3) OJ(.\DP8051_Keil_903\Debug\CapSense_IdacCH0.obj)
c51.exe .\Generated_Source\PSoC3\CapSense_IdacCH0_PM.c NOIV LARGE MODDP2 OMF2 VB(1) PR(.\DP8051_Keil_903\Debug\CapSense_IdacCH0_PM.lst) CD DB NOIP OT(0) INCDIR(Generated_Source\PSoC3) OJ(.\DP8051_Keil_903\Debug\CapSense_IdacCH0_PM.obj)
c51.exe .\Generated_Source\PSoC3\LCD_LCDPort.c NOIV LARGE MODDP2 OMF2 VB(1) PR(.\DP8051_Keil_903\Debug\LCD_LCDPort.lst) CD DB NOIP OT(0) INCDIR(Generated_Source\PSoC3) OJ(.\DP8051_Keil_903\Debug\LCD_LCDPort.obj)
c51.exe .\Generated_Source\PSoC3\CyDmac.c NOIV LARGE MODDP2 OMF2 VB(1) PR(.\DP8051_Keil_903\Debug\CyDmac.lst) CD DB NOIP OT(0) INCDIR(Generated_Source\PSoC3) OJ(.\DP8051_Keil_903\Debug\CyDmac.obj)
c51.exe .\Generated_Source\PSoC3\CyFlash.c NOIV LARGE MODDP2 OMF2 VB(1) PR(.\DP8051_Keil_903\Debug\CyFlash.lst) CD DB NOIP OT(0) INCDIR(Generated_Source\PSoC3) OJ(.\DP8051_Keil_903\Debug\CyFlash.obj)
c51.exe .\Generated_Source\PSoC3\CyLib.c NOIV LARGE MODDP2 OMF2 VB(1) PR(.\DP8051_Keil_903\Debug\CyLib.lst) CD DB NOIP OT(0) INCDIR(Generated_Source\PSoC3) OJ(.\DP8051_Keil_903\Debug\CyLib.obj)
c51.exe .\Generated_Source\PSoC3\cyPm.c NOIV LARGE MODDP2 OMF2 VB(1) PR(.\DP8051_Keil_903\Debug\cyPm.lst) CD DB NOIP OT(0) INCDIR(Generated_Source\PSoC3) OJ(.\DP8051_Keil_903\Debug\cyPm.obj)
c51.exe .\Generated_Source\PSoC3\CySpc.c NOIV LARGE MODDP2 OMF2 VB(1) PR(.\DP8051_Keil_903\Debug\CySpc.lst) CD DB NOIP OT(0) INCDIR(Generated_Source\PSoC3) OJ(.\DP8051_Keil_903\Debug\CySpc.obj)
c51.exe .\Generated_Source\PSoC3\cyutils.c NOIV LARGE MODDP2 OMF2 VB(1) PR(.\DP8051_Keil_903\Debug\cyutils.lst) CD DB NOIP OT(0) INCDIR(Generated_Source\PSoC3) OJ(.\DP8051_Keil_903\Debug\cyutils.obj)
c51.exe .\Generated_Source\PSoC3\motorPWM.c NOIV LARGE MODDP2 OMF2 VB(1) PR(.\DP8051_Keil_903\Debug\motorPWM.lst) CD DB NOIP OT(0) INCDIR(Generated_Source\PSoC3) OJ(.\DP8051_Keil_903\Debug\motorPWM.obj)
c51.exe .\Generated_Source\PSoC3\motorPWM_PM.c NOIV LARGE MODDP2 OMF2 VB(1) PR(.\DP8051_Keil_903\Debug\motorPWM_PM.lst) CD DB NOIP OT(0) INCDIR(Generated_Source\PSoC3) OJ(.\DP8051_Keil_903\Debug\motorPWM_PM.obj)
c51.exe .\Generated_Source\PSoC3\Pin_motor_for.c NOIV LARGE MODDP2 OMF2 VB(1) PR(.\DP8051_Keil_903\Debug\Pin_motor_for.lst) CD DB NOIP OT(0) INCDIR(Generated_Source\PSoC3) OJ(.\DP8051_Keil_903\Debug\Pin_motor_for.obj)
c51.exe .\Generated_Source\PSoC3\Clock_sensor.c NOIV LARGE MODDP2 OMF2 VB(1) PR(.\DP8051_Keil_903\Debug\Clock_sensor.lst) CD DB NOIP OT(0) INCDIR(Generated_Source\PSoC3) OJ(.\DP8051_Keil_903\Debug\Clock_sensor.obj)
c51.exe .\Generated_Source\PSoC3\sensorInterrupt.c NOIV LARGE MODDP2 OMF2 VB(1) PR(.\DP8051_Keil_903\Debug\sensorInterrupt.lst) CD DB NOIP OT(0) INCDIR(Generated_Source\PSoC3) OJ(.\DP8051_Keil_903\Debug\sensorInterrupt.obj)
c51.exe .\Generated_Source\PSoC3\sensorTimer.c NOIV LARGE MODDP2 OMF2 VB(1) PR(.\DP8051_Keil_903\Debug\sensorTimer.lst) CD DB NOIP OT(0) INCDIR(Generated_Source\PSoC3) OJ(.\DP8051_Keil_903\Debug\sensorTimer.obj)
c51.exe .\Generated_Source\PSoC3\sensorTimer_PM.c NOIV LARGE MODDP2 OMF2 VB(1) PR(.\DP8051_Keil_903\Debug\sensorTimer_PM.lst) CD DB NOIP OT(0) INCDIR(Generated_Source\PSoC3) OJ(.\DP8051_Keil_903\Debug\sensorTimer_PM.obj)
c51.exe .\Generated_Source\PSoC3\timer_clock.c NOIV LARGE MODDP2 OMF2 VB(1) PR(.\DP8051_Keil_903\Debug\timer_clock.lst) CD DB NOIP OT(0) INCDIR(Generated_Source\PSoC3) OJ(.\DP8051_Keil_903\Debug\timer_clock.obj)
c51.exe .\Generated_Source\PSoC3\Pin_sensor.c NOIV LARGE MODDP2 OMF2 VB(1) PR(.\DP8051_Keil_903\Debug\Pin_sensor.lst) CD DB NOIP OT(0) INCDIR(Generated_Source\PSoC3) OJ(.\DP8051_Keil_903\Debug\Pin_sensor.obj)
c51.exe .\Generated_Source\PSoC3\cyfitter_cfg.c NOIV LARGE MODDP2 OMF2 VB(1) PR(.\DP8051_Keil_903\Debug\cyfitter_cfg.lst) CD DB NOIP OT(0) INCDIR(Generated_Source\PSoC3) OJ(.\DP8051_Keil_903\Debug\cyfitter_cfg.obj)
LIBX51.exe TRANSFER '.\DP8051_Keil_903\Debug\CapSense.obj', '.\DP8051_Keil_903\Debug\CapSense_CSHL.obj', '.\DP8051_Keil_903\Debug\CapSense_INT.obj', '.\DP8051_Keil_903\Debug\CapSense_Pins.obj', '.\DP8051_Keil_903\Debug\CapSense_PM.obj', '.\DP8051_Keil_903\Debug\CapSense_SMS_Wrapper.obj', '.\DP8051_Keil_903\Debug\CapSense_TunerHelper.obj', '.\DP8051_Keil_903\Debug\LCD.obj', '.\DP8051_Keil_903\Debug\LCD_PM.obj', '.\DP8051_Keil_903\Debug\CapSense_IntClock.obj', '.\DP8051_Keil_903\Debug\CapSense_CompCH0.obj', '.\DP8051_Keil_903\Debug\CapSense_CompCH0_PM.obj', '.\DP8051_Keil_903\Debug\CapSense_AMuxCH0.obj', '.\DP8051_Keil_903\Debug\CapSense_IdacCH0.obj', '.\DP8051_Keil_903\Debug\CapSense_IdacCH0_PM.obj', '.\DP8051_Keil_903\Debug\LCD_LCDPort.obj', '.\DP8051_Keil_903\Debug\CyBootAsmKeil.obj', '.\DP8051_Keil_903\Debug\CyDmac.obj', '.\DP8051_Keil_903\Debug\CyFlash.obj', '.\DP8051_Keil_903\Debug\CyLib.obj', '.\DP8051_Keil_903\Debug\cymem.obj', '.\DP8051_Keil_903\Debug\cyPm.obj', '.\DP8051_Keil_903\Debug\CySpc.obj', '.\DP8051_Keil_903\Debug\cyutils.obj', '.\DP8051_Keil_903\Debug\KeilStart.obj', '.\DP8051_Keil_903\Debug\motorPWM.obj', '.\DP8051_Keil_903\Debug\motorPWM_PM.obj', '.\DP8051_Keil_903\Debug\Pin_motor_for.obj', '.\DP8051_Keil_903\Debug\Clock_sensor.obj', '.\DP8051_Keil_903\Debug\sensorInterrupt.obj', '.\DP8051_Keil_903\Debug\sensorTimer.obj', '.\DP8051_Keil_903\Debug\sensorTimer_PM.obj', '.\DP8051_Keil_903\Debug\timer_clock.obj', '.\DP8051_Keil_903\Debug\Pin_sensor.obj', '.\DP8051_Keil_903\Debug\cyfitter_cfg.obj' TO '.\DP8051_Keil_903\Debug\CapSense.lib'
LX51.exe '.\DP8051_Keil_903\Debug\main.obj', '.\DP8051_Keil_903\Debug\speedControl.obj', '.\DP8051_Keil_903\Debug\userInterface.obj', '.\DP8051_Keil_903\Debug\CapSense.lib', 'C:\Program Files (x86)\Cypress\PSoC Creator\2.1\PSoC Creator\psoc\content\cycomponentlibrary\CyComponentLibrary.cylib\DP8051\DP8051_Keil_903\Debug\CyComponentLibrary.lib'  TO '.\DP8051_Keil_903\Debug\CapSense.omf' PR(.\DP8051_Keil_903\Debug\CapSense.map) IX CODE DW(16) RU CL(XDATA(X:0x0000-X:0x1FFF)) CL(CODE(C:0x0000-C:0xFFFF)) CL(CONST(C:0x0000-C:0xFFFF))
Program Size: data=20.1 xdata=706 const=1682 code=14277
OHx51.exe CapSense.omf HEXFILE(CapSense.ihx)
c8051-elf-omf2elf.exe CapSense.omf CapSense.elf
cyhextool -o .\DP8051_Keil_903\Debug\CapSense.hex -f .\DP8051_Keil_903\Debug\CapSense.ihx -prot .\Generated_Source\PSoC3\protect.hex -id 1E028069 -a EEPROM=90200000:800,PROGRAM=00000000:10000,CONFIG=80000000:2000,PROTECT=90400000:40 -meta 0301 -cunv 00000005 -wonv AFAC90BC -ecc OFF
Flash used: 15959 of 65536 bytes (24.4 %).
SRAM used: 706 of 8192 bytes (8.6 %).
--------------- Build Succeeded: 02/28/2015 01:34:33 ---------------
