C51 COMPILER V9.03   CAPSENSE_PINS                                                         04/04/2015 14:09:08 PAGE 1   


C51 COMPILER V9.03, COMPILATION OF MODULE CAPSENSE_PINS
OBJECT MODULE PLACED IN .\DP8051_Keil_903\Debug\CapSense_Pins.obj
COMPILER INVOKED BY: C:\Program Files\Cypress\PSoC Creator\2.1\PSoC Creator\import\keil\pk51\9.03\C51\BIN\c51.exe .\Gene
                    -rated_Source\PSoC3\CapSense_Pins.c NOIV LARGE MODDP2 OMF2 VB(1) PR(.\DP8051_Keil_903\Debug\CapSense_Pins.lst) CD DB NOIP
                    - OT(0) INCDIR(Generated_Source\PSoC3) OJ(.\DP8051_Keil_903\Debug\CapSense_Pins.obj)

line level    source

   1          /*******************************************************************************
   2          * File Name: CapSense_Pins.c
   3          * Version 3.20
   4          *
   5          * Description:
   6          *  This file contains API to enable firmware control of a Pins component.
   7          *
   8          * Note:
   9          *
  10          ********************************************************************************
  11          * Copyright 2008-2012, Cypress Semiconductor Corporation.  All rights reserved.
  12          * You may use this file only in accordance with the license, terms, conditions,
  13          * disclaimers, and limitations in the end user license agreement accompanying
  14          * the software package with which this file was provided.
  15          *******************************************************************************/
  16          
  17          #include "CapSense_Pins.h"
  18          
  19          
  20          /*******************************************************************************
  21          * Function Name: CapSense_SetAllSensorsDriveMode
  22          ********************************************************************************
  23          *
  24          * Summary:
  25          *  Sets the drive mode for the all pins used by capacitive sensors within 
  26          *  CapSense component.
  27          * 
  28          * Parameters:  
  29          *  mode: Desired drive mode.
  30          *
  31          * Return: 
  32          *  None
  33          *
  34          *******************************************************************************/
  35          void CapSense_SetAllSensorsDriveMode(uint8 mode) 
  36          {
  37   1          /* Set pins drive mode */
  38   1          CyPins_SetPinDriveMode(CapSense_PortCH0__Button0__BTN, mode);
  39   1          CyPins_SetPinDriveMode(CapSense_PortCH0__Button1__BTN, mode);
  40   1          CyPins_SetPinDriveMode(CapSense_PortCH0__LinearSlider0_e0__LS, mode);
  41   1          CyPins_SetPinDriveMode(CapSense_PortCH0__LinearSlider0_e1__LS, mode);
  42   1          CyPins_SetPinDriveMode(CapSense_PortCH0__LinearSlider0_e2__LS, mode);
  43   1          CyPins_SetPinDriveMode(CapSense_PortCH0__LinearSlider0_e3__LS, mode);
  44   1          CyPins_SetPinDriveMode(CapSense_PortCH0__LinearSlider0_e4__LS, mode);
  45   1      
  46   1      }
  47          
  48          
  49          
  50          /*******************************************************************************
  51          * Function Name: CapSense_SetAllCmodsDriveMode
  52          ********************************************************************************
  53          *
C51 COMPILER V9.03   CAPSENSE_PINS                                                         04/04/2015 14:09:08 PAGE 2   

  54          * Summary:
  55          *  Sets the drive mode for the all pins used by Cmod capacitors within CapSense 
  56          *  component.
  57          * 
  58          * Parameters:  
  59          *  mode: Desired drive mode.
  60          *
  61          * Return: 
  62          *  None
  63          *
  64          *******************************************************************************/
  65          void CapSense_SetAllCmodsDriveMode(uint8 mode) 
  66          {
  67   1         /* Set pins drive mode */
  68   1          CyPins_SetPinDriveMode(CapSense_CmodCH0_Cmod_CH0, mode);
  69   1      
  70   1      }
  71          
  72          
  73          #if (CapSense_CURRENT_SOURCE == CapSense_EXTERNAL_RB)
                  /*******************************************************************************
                  * Function Name: CapSense_SetAllRbsDriveMode
                  ********************************************************************************
                  *
                  * Summary:
                  *  Sets the drive mode for the all pins used by bleed resistors (Rb) within 
                  *  CapSense component. Only available when Current Source is external resistor.
                  * 
                  * Parameters:  
                  *  mode: Desired drive mode.
                  *
                  * Return: 
                  *  None
                  *
                  *******************************************************************************/
                  void CapSense_SetAllRbsDriveMode(uint8 mode) 
                  {
                      /* Set pins drive mode */
                    
                  }
              #endif  /* (CapSense_CURRENT_SOURCE == CapSense_EXTERNAL_RB) */
  95          
  96          
  97          /* [] END OF FILE */
C51 COMPILER V9.03   CAPSENSE_PINS                                                         04/04/2015 14:09:08 PAGE 3   

ASSEMBLY LISTING OF GENERATED OBJECT CODE


             ; FUNCTION _CapSense_SetAllSensorsDriveMode (BEGIN)
                                           ; SOURCE LINE # 35
0000 900000      R     MOV     DPTR,#mode
0003 EF                MOV     A,R7
0004 F0                MOVX    @DPTR,A
                                           ; SOURCE LINE # 36
                                           ; SOURCE LINE # 38
0005 900000      R     MOV     DPTR,#mode
0008 E0                MOVX    A,@DPTR
0009 FF                MOV     R7,A
000A EF                MOV     A,R7
000B 540E              ANL     A,#0EH
000D FF                MOV     R7,A
000E 90502E            MOV     DPTR,#0502EH
0011 E0                MOVX    A,@DPTR
0012 FE                MOV     R6,A
0013 EE                MOV     A,R6
0014 54F1              ANL     A,#0F1H
0016 FE                MOV     R6,A
0017 EE                MOV     A,R6
0018 4F                ORL     A,R7
0019 FF                MOV     R7,A
001A 90502E            MOV     DPTR,#0502EH
001D EF                MOV     A,R7
001E F0                MOVX    @DPTR,A
                                           ; SOURCE LINE # 39
001F 900000      R     MOV     DPTR,#mode
0022 E0                MOVX    A,@DPTR
0023 FF                MOV     R7,A
0024 EF                MOV     A,R7
0025 540E              ANL     A,#0EH
0027 FF                MOV     R7,A
0028 90502D            MOV     DPTR,#0502DH
002B E0                MOVX    A,@DPTR
002C FE                MOV     R6,A
002D EE                MOV     A,R6
002E 54F1              ANL     A,#0F1H
0030 FE                MOV     R6,A
0031 EE                MOV     A,R6
0032 4F                ORL     A,R7
0033 FF                MOV     R7,A
0034 90502D            MOV     DPTR,#0502DH
0037 EF                MOV     A,R7
0038 F0                MOVX    @DPTR,A
                                           ; SOURCE LINE # 40
0039 900000      R     MOV     DPTR,#mode
003C E0                MOVX    A,@DPTR
003D FF                MOV     R7,A
003E EF                MOV     A,R7
003F 540E              ANL     A,#0EH
0041 FF                MOV     R7,A
0042 905028            MOV     DPTR,#05028H
0045 E0                MOVX    A,@DPTR
0046 FE                MOV     R6,A
0047 EE                MOV     A,R6
0048 54F1              ANL     A,#0F1H
004A FE                MOV     R6,A
004B EE                MOV     A,R6
004C 4F                ORL     A,R7
C51 COMPILER V9.03   CAPSENSE_PINS                                                         04/04/2015 14:09:08 PAGE 4   

004D FF                MOV     R7,A
004E 905028            MOV     DPTR,#05028H
0051 EF                MOV     A,R7
0052 F0                MOVX    @DPTR,A
                                           ; SOURCE LINE # 41
0053 900000      R     MOV     DPTR,#mode
0056 E0                MOVX    A,@DPTR
0057 FF                MOV     R7,A
0058 EF                MOV     A,R7
0059 540E              ANL     A,#0EH
005B FF                MOV     R7,A
005C 905029            MOV     DPTR,#05029H
005F E0                MOVX    A,@DPTR
0060 FE                MOV     R6,A
0061 EE                MOV     A,R6
0062 54F1              ANL     A,#0F1H
0064 FE                MOV     R6,A
0065 EE                MOV     A,R6
0066 4F                ORL     A,R7
0067 FF                MOV     R7,A
0068 905029            MOV     DPTR,#05029H
006B EF                MOV     A,R7
006C F0                MOVX    @DPTR,A
                                           ; SOURCE LINE # 42
006D 900000      R     MOV     DPTR,#mode
0070 E0                MOVX    A,@DPTR
0071 FF                MOV     R7,A
0072 EF                MOV     A,R7
0073 540E              ANL     A,#0EH
0075 FF                MOV     R7,A
0076 90502A            MOV     DPTR,#0502AH
0079 E0                MOVX    A,@DPTR
007A FE                MOV     R6,A
007B EE                MOV     A,R6
007C 54F1              ANL     A,#0F1H
007E FE                MOV     R6,A
007F EE                MOV     A,R6
0080 4F                ORL     A,R7
0081 FF                MOV     R7,A
0082 90502A            MOV     DPTR,#0502AH
0085 EF                MOV     A,R7
0086 F0                MOVX    @DPTR,A
                                           ; SOURCE LINE # 43
0087 900000      R     MOV     DPTR,#mode
008A E0                MOVX    A,@DPTR
008B FF                MOV     R7,A
008C EF                MOV     A,R7
008D 540E              ANL     A,#0EH
008F FF                MOV     R7,A
0090 90502B            MOV     DPTR,#0502BH
0093 E0                MOVX    A,@DPTR
0094 FE                MOV     R6,A
0095 EE                MOV     A,R6
0096 54F1              ANL     A,#0F1H
0098 FE                MOV     R6,A
0099 EE                MOV     A,R6
009A 4F                ORL     A,R7
009B FF                MOV     R7,A
009C 90502B            MOV     DPTR,#0502BH
009F EF                MOV     A,R7
00A0 F0                MOVX    @DPTR,A
                                           ; SOURCE LINE # 44
C51 COMPILER V9.03   CAPSENSE_PINS                                                         04/04/2015 14:09:08 PAGE 5   

00A1 900000      R     MOV     DPTR,#mode
00A4 E0                MOVX    A,@DPTR
00A5 FF                MOV     R7,A
00A6 EF                MOV     A,R7
00A7 540E              ANL     A,#0EH
00A9 FF                MOV     R7,A
00AA 90502C            MOV     DPTR,#0502CH
00AD E0                MOVX    A,@DPTR
00AE FE                MOV     R6,A
00AF EE                MOV     A,R6
00B0 54F1              ANL     A,#0F1H
00B2 FE                MOV     R6,A
00B3 EE                MOV     A,R6
00B4 4F                ORL     A,R7
00B5 FF                MOV     R7,A
00B6 90502C            MOV     DPTR,#0502CH
00B9 EF                MOV     A,R7
00BA F0                MOVX    @DPTR,A
                                           ; SOURCE LINE # 46
00BB         ?C0001:
00BB 22                RET     
             ; FUNCTION _CapSense_SetAllSensorsDriveMode (END)

             ; FUNCTION _CapSense_SetAllCmodsDriveMode (BEGIN)
                                           ; SOURCE LINE # 65
0000 900000      R     MOV     DPTR,#mode
0003 EF                MOV     A,R7
0004 F0                MOVX    @DPTR,A
                                           ; SOURCE LINE # 66
                                           ; SOURCE LINE # 68
0005 900000      R     MOV     DPTR,#mode
0008 E0                MOVX    A,@DPTR
0009 FF                MOV     R7,A
000A EF                MOV     A,R7
000B 540E              ANL     A,#0EH
000D FF                MOV     R7,A
000E 905034            MOV     DPTR,#05034H
0011 E0                MOVX    A,@DPTR
0012 FE                MOV     R6,A
0013 EE                MOV     A,R6
0014 54F1              ANL     A,#0F1H
0016 FE                MOV     R6,A
0017 EE                MOV     A,R6
0018 4F                ORL     A,R7
0019 FF                MOV     R7,A
001A 905034            MOV     DPTR,#05034H
001D EF                MOV     A,R7
001E F0                MOVX    @DPTR,A
                                           ; SOURCE LINE # 70
001F         ?C0002:
001F 22                RET     
             ; FUNCTION _CapSense_SetAllCmodsDriveMode (END)



MODULE INFORMATION:   STATIC OVERLAYABLE
   CODE SIZE        =    220    ----
   CONSTANT SIZE    =   ----    ----
   XDATA SIZE       =      2    ----
   PDATA SIZE       =   ----    ----
   DATA SIZE        =   ----    ----
   IDATA SIZE       =   ----    ----
C51 COMPILER V9.03   CAPSENSE_PINS                                                         04/04/2015 14:09:08 PAGE 6   

   BIT SIZE         =   ----    ----
   EDATA SIZE       =   ----    ----
   HDATA SIZE       =   ----    ----
   XDATA CONST SIZE =   ----    ----
   FAR CONST SIZE   =   ----    ----
END OF MODULE INFORMATION.


C51 COMPILATION COMPLETE.  0 WARNING(S),  0 ERROR(S)
