--------------- Rebuild Started: 04/04/2015 13:44:16 Project: Car, Configuration: DP8051 Keil 9.03 Debug ---------------
Deleting file ".\DP8051_Keil_903\Debug\main.obj"
Deleting file ".\DP8051_Keil_903\Debug\speedControl.obj"
Deleting file ".\DP8051_Keil_903\Debug\userInterface.obj"
Deleting file ".\Car.cycdx"
Deleting file ".\Car.rpt"
Deleting file ".\Car_timing.html"
cydsfit.exe "-.appdatapath" "C:\Users\jingyis\AppData\Local\Cypress Semiconductor\PSoC Creator\2.1" "-.fdsnotice" "-.fdswarpdepfile=warp_dependencies.txt" "-.fdselabdepfile=elab_dependencies.txt" "-.fdsbldfile=generated_files.txt" "-p" "C:\Users\jingyis\Desktop\CapSense\Car.cydsn\Car.cyprj" "-d" "CY8C3866AXI-040" "-s" "C:\Users\jingyis\Desktop\CapSense\Car.cydsn\Generated_Source\PSoC3" "--" "-yv2" "-v3" "-ygs" "-q10" "-o2" "-.fftcfgtype=BE"
Elaborating Design...
HDL Generation ...
Synthesis ...
Place and Route ...
Tech mapping ...
Info: mpr.M0037: Unused pieces of the design have been optimized out. See the Tech mapping section of the report file for details. (App=cydsfit)
Analog Placement ...
Log: apr.M0058: The analog placement iterative improvement is 56% done. (App=cydsfit)
Log: apr.M0058: The analog placement iterative improvement is 76% done. (App=cydsfit)
Log: apr.M0058: The analog placement iterative improvement is 98% done. (App=cydsfit)
Analog Routing ...
Analog Code Generation ...
Digital Placement ...
Log: plm.M0038: The pin named Pin_servo(0) at location P12[2] prevents usage of special purposes: SIO. (App=cydsfit)
Info: plm.M0037: Car.rpt: 
      Certain internal analog resources use the following pins for preferred routing: P12[2].
      Please check the "Final Placement Details" section of the report file (Car.rpt) to see what resources are impacted by your pin selections.
     (File=C:\Users\jingyis\Desktop\CapSense\Car.cydsn\Car.rpt(1))
Digital Routing ...
Bitstream Generation ...
Static timing analysis ...
API Generation ...
Dependency Generation ...
Clean Temporary Files ...
c51.exe .\main.c NOIV LARGE MODDP2 OMF2 VB(1) PR(.\DP8051_Keil_903\Debug\main.lst) CD DB NOIP OT(0) INCDIR(Generated_Source\PSoC3) OJ(.\DP8051_Keil_903\Debug\main.obj)
c51.exe .\speedControl.c NOIV LARGE MODDP2 OMF2 VB(1) PR(.\DP8051_Keil_903\Debug\speedControl.lst) CD DB NOIP "OT(2, Size)" INCDIR(Generated_Source\PSoC3) OJ(.\DP8051_Keil_903\Debug\speedControl.obj)
WARNING: .\speedControl.c:122: 'speed': unreferenced local variable
c51.exe .\userInterface.c NOIV LARGE MODDP2 OMF2 VB(1) PR(.\DP8051_Keil_903\Debug\userInterface.lst) CD DB NOIP OT(0) INCDIR(Generated_Source\PSoC3) OJ(.\DP8051_Keil_903\Debug\userInterface.obj)
WARNING: .\userInterface.c:98: 'speed_Stop': missing function-prototype
c51.exe .\navigation.c NOIV LARGE MODDP2 OMF2 VB(1) PR(.\DP8051_Keil_903\Debug\navigation.lst) CD DB NOIP OT(0) INCDIR(Generated_Source\PSoC3) OJ(.\DP8051_Keil_903\Debug\navigation.obj)
ERROR: C:\Program Files\Cypress\PSoC Creator\2.1\PSoC Creator\import\keil\pk51\9.03\C51\INC\intrins.h:12: missing ';' before 'extern'
The command 'c51.exe' failed with exit code '2'.
--------------- Rebuild Failed: 04/04/2015 13:45:07 ---------------
