C51 COMPILER V9.03   VREFDAC_PM                                                            03/27/2015 05:19:21 PAGE 1   


C51 COMPILER V9.03, COMPILATION OF MODULE VREFDAC_PM
OBJECT MODULE PLACED IN .\DP8051_Keil_903\Debug\VrefDAC_PM.obj
COMPILER INVOKED BY: C:\Program Files\Cypress\PSoC Creator\2.1\PSoC Creator\import\keil\pk51\9.03\C51\BIN\c51.exe .\Gene
                    -rated_Source\PSoC3\VrefDAC_PM.c NOIV LARGE MODDP2 OMF2 VB(1) PR(.\DP8051_Keil_903\Debug\VrefDAC_PM.lst) CD DB NOIP OT(0)
                    - INCDIR(Generated_Source\PSoC3) OJ(.\DP8051_Keil_903\Debug\VrefDAC_PM.obj)

line level    source

   1          /*******************************************************************************
   2          * File Name: VrefDAC_PM.c  
   3          * Version 1.80
   4          *
   5          * Description:
   6          *  This file provides the power management source code to API for the
   7          *  VDAC8.  
   8          *
   9          * Note:
  10          *  None
  11          *
  12          ********************************************************************************
  13          * Copyright 2008-2012, Cypress Semiconductor Corporation.  All rights reserved.
  14          * You may use this file only in accordance with the license, terms, conditions, 
  15          * disclaimers, and limitations in the end user license agreement accompanying 
  16          * the software package with which this file was provided.
  17          *******************************************************************************/
  18          
  19          #include "VrefDAC.h"
  20          
  21          static VrefDAC_backupStruct VrefDAC_backup;
  22          
  23          
  24          /*******************************************************************************
  25          * Function Name: VrefDAC_SaveConfig
  26          ********************************************************************************
  27          * Summary:
  28          *  Save the current user configuration
  29          *
  30          * Parameters:  
  31          *  void  
  32          *
  33          * Return: 
  34          *  void
  35          *
  36          *******************************************************************************/
  37          void VrefDAC_SaveConfig(void) 
  38          {
  39   1          if (!((VrefDAC_CR1 & VrefDAC_SRC_MASK) == VrefDAC_SRC_UDB))
  40   1          {
  41   2              VrefDAC_backup.data_value = VrefDAC_Data;
  42   2          }
  43   1      }
  44          
  45          
  46          /*******************************************************************************
  47          * Function Name: VrefDAC_RestoreConfig
  48          ********************************************************************************
  49          *
  50          * Summary:
  51          *  Restores the current user configuration.
  52          *
  53          * Parameters:  
C51 COMPILER V9.03   VREFDAC_PM                                                            03/27/2015 05:19:21 PAGE 2   

  54          *  void
  55          *
  56          * Return: 
  57          *  void
  58          *
  59          *******************************************************************************/
  60          void VrefDAC_RestoreConfig(void) 
  61          {
  62   1          if (!((VrefDAC_CR1 & VrefDAC_SRC_MASK) == VrefDAC_SRC_UDB))
  63   1          {
  64   2              if((VrefDAC_Strobe & VrefDAC_STRB_MASK) == VrefDAC_STRB_EN)
  65   2              {
  66   3                  VrefDAC_Strobe &= ~VrefDAC_STRB_MASK;
  67   3                  VrefDAC_Data = VrefDAC_backup.data_value;
  68   3                  VrefDAC_Strobe |= VrefDAC_STRB_EN;
  69   3              }
  70   2              else
  71   2              {
  72   3                  VrefDAC_Data = VrefDAC_backup.data_value;
  73   3              }
  74   2          }
  75   1      }
  76          
  77          
  78          /*******************************************************************************
  79          * Function Name: VrefDAC_Sleep
  80          ********************************************************************************
  81          * Summary:
  82          *  Stop and Save the user configuration
  83          *
  84          * Parameters:  
  85          *  void:  
  86          *
  87          * Return: 
  88          *  void
  89          *
  90          * Global variables:
  91          *  VrefDAC_backup.enableState:  Is modified depending on the enable 
  92          *  state  of the block before entering sleep mode.
  93          *
  94          *******************************************************************************/
  95          void VrefDAC_Sleep(void) 
  96          {
  97   1          /* Save VDAC8's enable state */    
  98   1          if(VrefDAC_ACT_PWR_EN == (VrefDAC_PWRMGR & VrefDAC_ACT_PWR_EN))
  99   1          {
 100   2              /* VDAC8 is enabled */
 101   2              VrefDAC_backup.enableState = 1u;
 102   2          }
 103   1          else
 104   1          {
 105   2              /* VDAC8 is disabled */
 106   2              VrefDAC_backup.enableState = 0u;
 107   2          }
 108   1          
 109   1          VrefDAC_Stop();
 110   1          VrefDAC_SaveConfig();
 111   1      }
 112          
 113          
 114          /*******************************************************************************
 115          * Function Name: VrefDAC_Wakeup
C51 COMPILER V9.03   VREFDAC_PM                                                            03/27/2015 05:19:21 PAGE 3   

 116          ********************************************************************************
 117          *
 118          * Summary:
 119          *  Restores and enables the user configuration
 120          *  
 121          * Parameters:  
 122          *  void
 123          *
 124          * Return: 
 125          *  void
 126          *
 127          * Global variables:
 128          *  VrefDAC_backup.enableState:  Is used to restore the enable state of 
 129          *  block on wakeup from sleep mode.
 130          *
 131          *******************************************************************************/
 132          void VrefDAC_Wakeup(void) 
 133          {
 134   1          VrefDAC_RestoreConfig();
 135   1          
 136   1          if(VrefDAC_backup.enableState == 1u)
 137   1          {
 138   2              /* Enable VDAC8's operation */
 139   2              VrefDAC_Enable();
 140   2      
 141   2              /* Restore the data register */
 142   2              VrefDAC_SetValue(VrefDAC_Data);
 143   2          } /* Do nothing if VDAC8 was disabled before */    
 144   1      }
 145          
 146          
 147          /* [] END OF FILE */
C51 COMPILER V9.03   VREFDAC_PM                                                            03/27/2015 05:19:21 PAGE 4   

ASSEMBLY LISTING OF GENERATED OBJECT CODE


             ; FUNCTION VrefDAC_SaveConfig (BEGIN)
                                           ; SOURCE LINE # 37
                                           ; SOURCE LINE # 38
                                           ; SOURCE LINE # 39
0000 90582D            MOV     DPTR,#0582DH
0003 E0                MOVX    A,@DPTR
0004 FF                MOV     R7,A
0005 EF                MOV     A,R7
0006 5420              ANL     A,#020H
0008 FF                MOV     R7,A
0009 7E00              MOV     R6,#00H
000B EF                MOV     A,R7
000C 6420              XRL     A,#020H
000E 4E                ORL     A,R6
000F 7003              JNZ     ?C0002
0011 D3                SETB    C
0012 8001              SJMP    ?C0003
0014         ?C0002:
0014 C3                CLR     C
0015         ?C0003:
0015 400A              JC      ?C0004
                                           ; SOURCE LINE # 40
                                           ; SOURCE LINE # 41
0017 905B83            MOV     DPTR,#05B83H
001A E0                MOVX    A,@DPTR
001B FF                MOV     R7,A
001C 900000      R     MOV     DPTR,#VrefDAC_backup+01H
001F EF                MOV     A,R7
0020 F0                MOVX    @DPTR,A
                                           ; SOURCE LINE # 42
0021         ?C0001:
                                           ; SOURCE LINE # 43
0021         ?C0004:
0021 22                RET     
             ; FUNCTION VrefDAC_SaveConfig (END)

             ; FUNCTION VrefDAC_RestoreConfig (BEGIN)
                                           ; SOURCE LINE # 60
                                           ; SOURCE LINE # 61
                                           ; SOURCE LINE # 62
0000 90582D            MOV     DPTR,#0582DH
0003 E0                MOVX    A,@DPTR
0004 FF                MOV     R7,A
0005 EF                MOV     A,R7
0006 5420              ANL     A,#020H
0008 FF                MOV     R7,A
0009 7E00              MOV     R6,#00H
000B EF                MOV     A,R7
000C 6420              XRL     A,#020H
000E 4E                ORL     A,R6
000F 7003              JNZ     ?C0006
0011 D3                SETB    C
0012 8001              SJMP    ?C0007
0014         ?C0006:
0014 C3                CLR     C
0015         ?C0007:
0015 403C              JC      ?C0010
                                           ; SOURCE LINE # 63
                                           ; SOURCE LINE # 64
C51 COMPILER V9.03   VREFDAC_PM                                                            03/27/2015 05:19:21 PAGE 5   

0017 905A9F            MOV     DPTR,#05A9FH
001A E0                MOVX    A,@DPTR
001B FF                MOV     R7,A
001C EF                MOV     A,R7
001D 5408              ANL     A,#08H
001F FF                MOV     R7,A
0020 7E00              MOV     R6,#00H
0022 EF                MOV     A,R7
0023 6408              XRL     A,#08H
0025 4E                ORL     A,R6
0026 7021              JNZ     ?C0008
                                           ; SOURCE LINE # 65
                                           ; SOURCE LINE # 66
0028 905A9F            MOV     DPTR,#05A9FH
002B E0                MOVX    A,@DPTR
002C FF                MOV     R7,A
002D EF                MOV     A,R7
002E 54F7              ANL     A,#0F7H
0030 FF                MOV     R7,A
0031 EF                MOV     A,R7
0032 F0                MOVX    @DPTR,A
                                           ; SOURCE LINE # 67
0033 900000      R     MOV     DPTR,#VrefDAC_backup+01H
0036 E0                MOVX    A,@DPTR
0037 FF                MOV     R7,A
0038 905B83            MOV     DPTR,#05B83H
003B EF                MOV     A,R7
003C F0                MOVX    @DPTR,A
                                           ; SOURCE LINE # 68
003D 905A9F            MOV     DPTR,#05A9FH
0040 E0                MOVX    A,@DPTR
0041 FF                MOV     R7,A
0042 EF                MOV     A,R7
0043 4408              ORL     A,#08H
0045 FF                MOV     R7,A
0046 EF                MOV     A,R7
0047 F0                MOVX    @DPTR,A
                                           ; SOURCE LINE # 69
0048 22                RET     
0049         ?C0008:
                                           ; SOURCE LINE # 71
                                           ; SOURCE LINE # 72
0049 900000      R     MOV     DPTR,#VrefDAC_backup+01H
004C E0                MOVX    A,@DPTR
004D FF                MOV     R7,A
004E 905B83            MOV     DPTR,#05B83H
0051 EF                MOV     A,R7
0052 F0                MOVX    @DPTR,A
                                           ; SOURCE LINE # 73
0053         ?C0009:
                                           ; SOURCE LINE # 74
0053         ?C0005:
                                           ; SOURCE LINE # 75
0053         ?C0010:
0053 22                RET     
             ; FUNCTION VrefDAC_RestoreConfig (END)

             ; FUNCTION VrefDAC_Sleep (BEGIN)
                                           ; SOURCE LINE # 95
                                           ; SOURCE LINE # 96
                                           ; SOURCE LINE # 98
0000 9043A8            MOV     DPTR,#043A8H
C51 COMPILER V9.03   VREFDAC_PM                                                            03/27/2015 05:19:21 PAGE 6   

0003 E0                MOVX    A,@DPTR
0004 FF                MOV     R7,A
0005 EF                MOV     A,R7
0006 5408              ANL     A,#08H
0008 FF                MOV     R7,A
0009 7E00              MOV     R6,#00H
000B EF                MOV     A,R7
000C 6408              XRL     A,#08H
000E 4E                ORL     A,R6
000F 7008              JNZ     ?C0011
                                           ; SOURCE LINE # 99
                                           ; SOURCE LINE # 101
0011 900000      R     MOV     DPTR,#VrefDAC_backup
0014 7401              MOV     A,#01H
0016 F0                MOVX    @DPTR,A
                                           ; SOURCE LINE # 102
0017 8005              SJMP    ?C0012
0019         ?C0011:
                                           ; SOURCE LINE # 104
                                           ; SOURCE LINE # 106
0019 900000      R     MOV     DPTR,#VrefDAC_backup
001C E4                CLR     A
001D F0                MOVX    @DPTR,A
                                           ; SOURCE LINE # 107
001E         ?C0012:
                                           ; SOURCE LINE # 109
001E 120000      E     LCALL   VrefDAC_Stop
                                           ; SOURCE LINE # 110
0021 120000      R     LCALL   VrefDAC_SaveConfig
                                           ; SOURCE LINE # 111
0024         ?C0013:
0024 22                RET     
             ; FUNCTION VrefDAC_Sleep (END)

             ; FUNCTION VrefDAC_Wakeup (BEGIN)
                                           ; SOURCE LINE # 132
                                           ; SOURCE LINE # 133
                                           ; SOURCE LINE # 134
0000 120000      R     LCALL   VrefDAC_RestoreConfig
                                           ; SOURCE LINE # 136
0003 900000      R     MOV     DPTR,#VrefDAC_backup
0006 E0                MOVX    A,@DPTR
0007 FF                MOV     R7,A
0008 EF                MOV     A,R7
0009 B4010B            CJNE    A,#01H,?C0015
                                           ; SOURCE LINE # 137
                                           ; SOURCE LINE # 139
000C 120000      E     LCALL   VrefDAC_Enable
                                           ; SOURCE LINE # 142
000F 905B83            MOV     DPTR,#05B83H
0012 E0                MOVX    A,@DPTR
0013 FF                MOV     R7,A
0014 120000      E     LCALL   _VrefDAC_SetValue
                                           ; SOURCE LINE # 143
0017         ?C0014:
                                           ; SOURCE LINE # 144
0017         ?C0015:
0017 22                RET     
             ; FUNCTION VrefDAC_Wakeup (END)



C51 COMPILER V9.03   VREFDAC_PM                                                            03/27/2015 05:19:21 PAGE 7   

MODULE INFORMATION:   STATIC OVERLAYABLE
   CODE SIZE        =    179    ----
   CONSTANT SIZE    =   ----    ----
   XDATA SIZE       =      2    ----
   PDATA SIZE       =   ----    ----
   DATA SIZE        =   ----    ----
   IDATA SIZE       =   ----    ----
   BIT SIZE         =   ----    ----
   EDATA SIZE       =   ----    ----
   HDATA SIZE       =   ----    ----
   XDATA CONST SIZE =   ----    ----
   FAR CONST SIZE   =   ----    ----
END OF MODULE INFORMATION.


C51 COMPILATION COMPLETE.  0 WARNING(S),  0 ERROR(S)
